app/build/intermediates/manifest_merge_blame_file/debug/manifest-merger-blame-debug-report.txt
1<?xml version="1.0" encoding="utf-8"?>
2<manifest xmlns:android="http://schemas.android.com/apk/res/android"
3    package="com.example.antfyv2"
4    android:versionCode="1"
5    android:versionName="1.0" >
6
7    <uses-sdk
8        android:minSdkVersion="29"
8-->src\main\AndroidManifest.xml
9        android:targetSdkVersion="29" />
9-->src\main\AndroidManifest.xml
10
11    <uses-permission android:name="android.permission.BLUETOOTH" />
11-->src\main\AndroidManifest.xml:5:5-68
11-->src\main\AndroidManifest.xml:5:22-65
12    <uses-permission android:name="android.permission.BLUETOOTH_ADMIN" />
12-->src\main\AndroidManifest.xml:6:5-74
12-->src\main\AndroidManifest.xml:6:22-71
13    <uses-permission android:name="android.permission.ACCESS_COARSE_LOCATION" />
13-->src\main\AndroidManifest.xml:7:5-81
13-->src\main\AndroidManifest.xml:7:22-78
14    <uses-permission android:name="android.permission.ACCESS_FINE_LOCATION" />
14-->src\main\AndroidManifest.xml:8:5-78
14-->src\main\AndroidManifest.xml:8:22-76
15    <uses-permission android:name="android.permission.INTERNET" />
15-->src\main\AndroidManifest.xml:9:5-67
15-->src\main\AndroidManifest.xml:9:22-64
16    <uses-permission android:name="android.permission.ACCESS_NETWORK_STATE" />
16-->src\main\AndroidManifest.xml:10:5-79
16-->src\main\AndroidManifest.xml:10:22-76
17
18    <application
18-->src\main\AndroidManifest.xml:12:5-66:19
19        android:allowBackup="true"
19-->src\main\AndroidManifest.xml:13:9-35
20        android:appComponentFactory="androidx.core.app.CoreComponentFactory"
20-->[androidx.core:core:1.5.0] AndroidManifest.xml:24:18-86
21        android:debuggable="true"
22        android:extractNativeLibs="false"
23        android:icon="@mipmap/ic_launcher_antfy"
23-->src\main\AndroidManifest.xml:14:9-49
24        android:label="@string/app_name"
24-->src\main\AndroidManifest.xml:15:9-41
25        android:roundIcon="@mipmap/ic_launcher_antfy_round"
25-->src\main\AndroidManifest.xml:16:9-60
26        android:supportsRtl="true"
26-->src\main\AndroidManifest.xml:17:9-35
27        android:testOnly="true"
28        android:theme="@style/Theme.AntfyV2" >
28-->src\main\AndroidManifest.xml:18:9-45
29        <activity
29-->src\main\AndroidManifest.xml:19:9-22:51
30            android:name="com.example.antfyv2.ConsultasActivity"
30-->src\main\AndroidManifest.xml:20:13-46
31            android:parentActivityName="com.example.antfyv2.PerfilActivity"
31-->src\main\AndroidManifest.xml:21:13-57
32            android:theme="@style/antfyABTitle" />
32-->src\main\AndroidManifest.xml:22:13-48
33        <activity
33-->src\main\AndroidManifest.xml:23:9-26:51
34            android:name="com.example.antfyv2.DateActivity"
34-->src\main\AndroidManifest.xml:24:13-41
35            android:parentActivityName="com.example.antfyv2.AgendarActivity"
35-->src\main\AndroidManifest.xml:25:13-58
36            android:theme="@style/antfyABTitle" />
36-->src\main\AndroidManifest.xml:26:13-48
37        <activity
37-->src\main\AndroidManifest.xml:27:9-30:50
38            android:name="com.example.antfyv2.AgendarActivity"
38-->src\main\AndroidManifest.xml:28:13-44
39            android:parentActivityName="com.example.antfyv2.SentindoActivity"
39-->src\main\AndroidManifest.xml:29:13-59
40            android:theme="@style/antfyABTitle" />
40-->src\main\AndroidManifest.xml:30:13-48
41        <activity
41-->src\main\AndroidManifest.xml:31:9-34:51
42            android:name="com.example.antfyv2.SentindoActivity"
42-->src\main\AndroidManifest.xml:32:13-45
43            android:parentActivityName="com.example.antfyv2.HomeActivity"
43-->src\main\AndroidManifest.xml:33:13-55
44            android:theme="@style/antfyABTitle" />
44-->src\main\AndroidManifest.xml:34:13-48
45        <activity
45-->src\main\AndroidManifest.xml:35:9-38:50
46            android:name="com.example.antfyv2.NotifyActivity"
46-->src\main\AndroidManifest.xml:36:13-43
47            android:parentActivityName="com.example.antfyv2.HomeActivity"
47-->src\main\AndroidManifest.xml:37:13-55
48            android:theme="@style/antfyABTitle" />
48-->src\main\AndroidManifest.xml:38:13-48
49        <activity
49-->src\main\AndroidManifest.xml:39:9-42:51
50            android:name="com.example.antfyv2.PerfilActivity"
50-->src\main\AndroidManifest.xml:40:13-43
51            android:parentActivityName="com.example.antfyv2.HomeActivity"
51-->src\main\AndroidManifest.xml:41:13-55
52            android:theme="@style/antfyABTitle" />
52-->src\main\AndroidManifest.xml:42:13-48
53        <activity
53-->src\main\AndroidManifest.xml:43:9-49:20
54            android:name="com.example.antfyv2.HomeActivity"
54-->src\main\AndroidManifest.xml:44:13-41
55            android:theme="@style/antfyABTitle" >
55-->src\main\AndroidManifest.xml:45:13-48
56            <intent-filter>
56-->src\main\AndroidManifest.xml:46:13-48:29
57                <action android:name="android.intent.action.VIEW" />
57-->src\main\AndroidManifest.xml:47:17-68
57-->src\main\AndroidManifest.xml:47:25-66
58            </intent-filter>
59        </activity>
60        <activity
60-->src\main\AndroidManifest.xml:50:9-53:51
61            android:name="com.example.antfyv2.CadastroActivity"
61-->src\main\AndroidManifest.xml:51:13-45
62            android:parentActivityName="com.example.antfyv2.MainActivity"
62-->src\main\AndroidManifest.xml:52:13-55
63            android:theme="@style/antfyABTitle" />
63-->src\main\AndroidManifest.xml:53:13-48
64        <activity
64-->src\main\AndroidManifest.xml:54:9-57:51
65            android:name="com.example.antfyv2.EntrarActivity"
65-->src\main\AndroidManifest.xml:55:13-43
66            android:parentActivityName="com.example.antfyv2.MainActivity"
66-->src\main\AndroidManifest.xml:56:13-55
67            android:theme="@style/antfyABTitle" />
67-->src\main\AndroidManifest.xml:57:13-48
68        <activity
68-->src\main\AndroidManifest.xml:58:9-65:20
69            android:name="com.example.antfyv2.MainActivity"
69-->src\main\AndroidManifest.xml:59:13-41
70            android:screenOrientation="portrait" >
70-->src\main\AndroidManifest.xml:60:13-49
71            <intent-filter>
71-->src\main\AndroidManifest.xml:61:13-64:29
72                <action android:name="android.intent.action.MAIN" />
72-->src\main\AndroidManifest.xml:62:17-69
72-->src\main\AndroidManifest.xml:62:25-66
73
74                <category android:name="android.intent.category.LAUNCHER" />
74-->src\main\AndroidManifest.xml:63:17-77
74-->src\main\AndroidManifest.xml:63:27-74
75            </intent-filter>
76        </activity>
77    </application>
78
79</manifest>